2019-01-01 15:04:11.789 INFO  --- [StartupInfoLogger.java:48][restartedMain] - Starting TfssMrliuApplication on DESKTOP-SLL8SQB with PID 7272 (D:\004_Code\016_Sts\workspace\tfss-mrliu\target\classes started by poxiao in D:\004_Code\016_Sts\workspace\tfss-mrliu)
2019-01-01 15:04:11.833 INFO  --- [SpringApplication.java:593][restartedMain] - No active profile set, falling back to default profiles: default
2019-01-01 15:04:13.082 INFO  --- [Version.java:30][background-preinit] - HV000001: Hibernate Validator 5.3.6.Final
2019-01-01 15:04:15.011 WARN  --- [ClassPathMapperScanner.java:146][restartedMain] - No MyBatis mapper was found in '[com.mrliu]' package. Please check your configuration.
2019-01-01 15:04:24.008 WARN  --- [TemplateMode.java:150][restartedMain] - [THYMELEAF][restartedMain] Template Mode 'HTML5' is deprecated. Using Template Mode 'HTML' instead.
2019-01-01 15:04:25.125 INFO  --- [MapperCacheDisabler.java:60][restartedMain] - Clear tk.mybatis.mapper.util.MsUtil CLASS_CACHE cache.
2019-01-01 15:04:25.127 INFO  --- [MapperCacheDisabler.java:60][restartedMain] - Clear tk.mybatis.mapper.genid.GenIdUtil CACHE cache.
2019-01-01 15:04:25.128 INFO  --- [MapperCacheDisabler.java:60][restartedMain] - Clear tk.mybatis.mapper.version.VersionUtil CACHE cache.
2019-01-01 15:04:25.131 INFO  --- [MapperCacheDisabler.java:83][restartedMain] - Clear EntityHelper entityTableMap cache.
2019-01-01 15:04:27.374 INFO  --- [StartupInfoLogger.java:57][restartedMain] - Started TfssMrliuApplication in 16.251 seconds (JVM running for 18.343)
2019-01-01 15:05:29.577 INFO  --- [StartupInfoLogger.java:48][restartedMain] - Starting TfssMrliuApplication on DESKTOP-SLL8SQB with PID 7272 (D:\004_Code\016_Sts\workspace\tfss-mrliu\target\classes started by poxiao in D:\004_Code\016_Sts\workspace\tfss-mrliu)
2019-01-01 15:05:29.578 INFO  --- [SpringApplication.java:593][restartedMain] - No active profile set, falling back to default profiles: default
2019-01-01 15:05:30.549 DEBUG --- [ClassPathScanningCandidateComponentProvider.java:294][restartedMain] - Identified candidate component class: file [D:\004_Code\016_Sts\workspace\tfss-mrliu\target\classes\com\mrliu\extend\mapper\AdminExtendMapper.class]
2019-01-01 15:05:30.550 DEBUG --- [ClassPathScanningCandidateComponentProvider.java:294][restartedMain] - Identified candidate component class: file [D:\004_Code\016_Sts\workspace\tfss-mrliu\target\classes\com\mrliu\generate\mapper\AdminInfoMapper.class]
2019-01-01 15:05:30.550 DEBUG --- [ClassPathScanningCandidateComponentProvider.java:294][restartedMain] - Identified candidate component class: file [D:\004_Code\016_Sts\workspace\tfss-mrliu\target\classes\com\mrliu\generate\mapper\VideoMapper.class]
2019-01-01 15:05:30.551 DEBUG --- [ClassPathMapperScanner.java:180][restartedMain] - Creating MapperFactoryBean with name 'adminExtendMapper' and 'com.mrliu.extend.mapper.AdminExtendMapper' mapperInterface
2019-01-01 15:05:30.551 DEBUG --- [ClassPathMapperScanner.java:216][restartedMain] - Enabling autowire by type for MapperFactoryBean with name 'adminExtendMapper'.
2019-01-01 15:05:30.551 DEBUG --- [ClassPathMapperScanner.java:180][restartedMain] - Creating MapperFactoryBean with name 'adminInfoMapper' and 'com.mrliu.generate.mapper.AdminInfoMapper' mapperInterface
2019-01-01 15:05:30.551 DEBUG --- [ClassPathMapperScanner.java:216][restartedMain] - Enabling autowire by type for MapperFactoryBean with name 'adminInfoMapper'.
2019-01-01 15:05:30.551 DEBUG --- [ClassPathMapperScanner.java:180][restartedMain] - Creating MapperFactoryBean with name 'videoMapper' and 'com.mrliu.generate.mapper.VideoMapper' mapperInterface
2019-01-01 15:05:30.552 DEBUG --- [ClassPathMapperScanner.java:216][restartedMain] - Enabling autowire by type for MapperFactoryBean with name 'videoMapper'.
2019-01-01 15:05:30.799 WARN  --- [ClassPathMapperScanner.java:146][restartedMain] - No MyBatis mapper was found in '[com.mrliu]' package. Please check your configuration.
2019-01-01 15:05:32.686 DEBUG --- [SqlSessionFactoryBean.java:534][restartedMain] - Property 'mapperLocations' was not specified or no matching resources found
2019-01-01 15:05:33.350 WARN  --- [TemplateMode.java:150][restartedMain] - [THYMELEAF][restartedMain] Template Mode 'HTML5' is deprecated. Using Template Mode 'HTML' instead.
2019-01-01 15:05:33.469 INFO  --- [MapperCacheDisabler.java:60][restartedMain] - Clear tk.mybatis.mapper.util.MsUtil CLASS_CACHE cache.
2019-01-01 15:05:33.469 INFO  --- [MapperCacheDisabler.java:60][restartedMain] - Clear tk.mybatis.mapper.genid.GenIdUtil CACHE cache.
2019-01-01 15:05:33.470 INFO  --- [MapperCacheDisabler.java:60][restartedMain] - Clear tk.mybatis.mapper.version.VersionUtil CACHE cache.
2019-01-01 15:05:33.470 INFO  --- [MapperCacheDisabler.java:83][restartedMain] - Clear EntityHelper entityTableMap cache.
2019-01-01 15:05:34.187 INFO  --- [StartupInfoLogger.java:57][restartedMain] - Started TfssMrliuApplication in 4.779 seconds (JVM running for 85.156)
2019-01-01 15:05:38.434 DEBUG --- [SqlSessionUtils.java:97][http-nio-8001-exec-1] - Creating a new SqlSession
2019-01-01 15:05:38.435 DEBUG --- [SqlSessionUtils.java:128][http-nio-8001-exec-1] - Registering transaction synchronization for SqlSession [org.apache.ibatis.session.defaults.DefaultSqlSession@769f3258]
2019-01-01 15:05:38.443 DEBUG --- [SpringManagedTransaction.java:87][http-nio-8001-exec-1] - JDBC Connection [ProxyConnection[PooledConnection[com.mysql.jdbc.JDBC4Connection@33f84336]]] will be managed by Spring
2019-01-01 15:05:38.456 DEBUG --- [SqlSessionUtils.java:186][http-nio-8001-exec-1] - Releasing transactional SqlSession [org.apache.ibatis.session.defaults.DefaultSqlSession@769f3258]
2019-01-01 15:05:38.465 DEBUG --- [SqlSessionUtils.java:284][http-nio-8001-exec-1] - Transaction synchronization committing SqlSession [org.apache.ibatis.session.defaults.DefaultSqlSession@769f3258]
2019-01-01 15:05:38.466 DEBUG --- [SqlSessionUtils.java:310][http-nio-8001-exec-1] - Transaction synchronization deregistering SqlSession [org.apache.ibatis.session.defaults.DefaultSqlSession@769f3258]
2019-01-01 15:05:38.466 DEBUG --- [SqlSessionUtils.java:315][http-nio-8001-exec-1] - Transaction synchronization closing SqlSession [org.apache.ibatis.session.defaults.DefaultSqlSession@769f3258]
2019-01-01 15:07:30.280 INFO  --- [StartupInfoLogger.java:48][restartedMain] - Starting TfssMrliuApplication on DESKTOP-SLL8SQB with PID 7272 (D:\004_Code\016_Sts\workspace\tfss-mrliu\target\classes started by poxiao in D:\004_Code\016_Sts\workspace\tfss-mrliu)
2019-01-01 15:07:30.280 INFO  --- [SpringApplication.java:593][restartedMain] - No active profile set, falling back to default profiles: default
2019-01-01 15:07:31.262 WARN  --- [ClassPathMapperScanner.java:146][restartedMain] - No MyBatis mapper was found in '[com.mrliu]' package. Please check your configuration.
2019-01-01 15:07:32.811 WARN  --- [TemplateMode.java:150][restartedMain] - [THYMELEAF][restartedMain] Template Mode 'HTML5' is deprecated. Using Template Mode 'HTML' instead.
2019-01-01 15:07:32.849 INFO  --- [MapperCacheDisabler.java:60][restartedMain] - Clear tk.mybatis.mapper.util.MsUtil CLASS_CACHE cache.
2019-01-01 15:07:32.850 INFO  --- [MapperCacheDisabler.java:60][restartedMain] - Clear tk.mybatis.mapper.genid.GenIdUtil CACHE cache.
2019-01-01 15:07:32.851 INFO  --- [MapperCacheDisabler.java:60][restartedMain] - Clear tk.mybatis.mapper.version.VersionUtil CACHE cache.
2019-01-01 15:07:32.851 INFO  --- [MapperCacheDisabler.java:83][restartedMain] - Clear EntityHelper entityTableMap cache.
2019-01-01 15:07:33.452 INFO  --- [StartupInfoLogger.java:57][restartedMain] - Started TfssMrliuApplication in 3.264 seconds (JVM running for 204.421)
2019-01-01 15:07:39.916 DEBUG --- [BaseJdbcLogger.java:159][http-nio-8001-exec-1] - ==>  Preparing: SELECT count(0) FROM t_ckplayer_video 
2019-01-01 15:07:39.942 DEBUG --- [BaseJdbcLogger.java:159][http-nio-8001-exec-1] - ==> Parameters: 
2019-01-01 15:07:39.966 DEBUG --- [BaseJdbcLogger.java:159][http-nio-8001-exec-1] - <==      Total: 1
2019-01-01 15:07:39.967 DEBUG --- [BaseJdbcLogger.java:159][http-nio-8001-exec-1] - ==>  Preparing: select video_id, video_url, video_pattern, video_clarity, video_weight, video_name, video_label, video_info, video_thumbnail, video_uptime, video_type, playsum, comentsum, collectsum, supportsum from t_ckplayer_video LIMIT ? 
2019-01-01 15:07:39.969 DEBUG --- [BaseJdbcLogger.java:159][http-nio-8001-exec-1] - ==> Parameters: 12(Integer)
2019-01-01 15:07:39.981 DEBUG --- [BaseJdbcLogger.java:159][http-nio-8001-exec-1] - <==      Total: 12
2019-01-01 15:08:09.466 INFO  --- [StartupInfoLogger.java:48][restartedMain] - Starting TfssMrliuApplication on DESKTOP-SLL8SQB with PID 7272 (D:\004_Code\016_Sts\workspace\tfss-mrliu\target\classes started by poxiao in D:\004_Code\016_Sts\workspace\tfss-mrliu)
2019-01-01 15:08:09.466 INFO  --- [SpringApplication.java:593][restartedMain] - No active profile set, falling back to default profiles: default
2019-01-01 15:08:10.349 WARN  --- [ClassPathMapperScanner.java:146][restartedMain] - No MyBatis mapper was found in '[com.mrliu]' package. Please check your configuration.
2019-01-01 15:08:12.215 WARN  --- [TemplateMode.java:150][restartedMain] - [THYMELEAF][restartedMain] Template Mode 'HTML5' is deprecated. Using Template Mode 'HTML' instead.
2019-01-01 15:08:12.239 INFO  --- [MapperCacheDisabler.java:60][restartedMain] - Clear tk.mybatis.mapper.util.MsUtil CLASS_CACHE cache.
2019-01-01 15:08:12.240 INFO  --- [MapperCacheDisabler.java:60][restartedMain] - Clear tk.mybatis.mapper.genid.GenIdUtil CACHE cache.
2019-01-01 15:08:12.240 INFO  --- [MapperCacheDisabler.java:60][restartedMain] - Clear tk.mybatis.mapper.version.VersionUtil CACHE cache.
2019-01-01 15:08:12.240 INFO  --- [MapperCacheDisabler.java:83][restartedMain] - Clear EntityHelper entityTableMap cache.
2019-01-01 15:08:12.875 INFO  --- [StartupInfoLogger.java:57][restartedMain] - Started TfssMrliuApplication in 3.565 seconds (JVM running for 243.844)
2019-01-01 15:08:37.079 INFO  --- [StartupInfoLogger.java:48][restartedMain] - Starting TfssMrliuApplication on DESKTOP-SLL8SQB with PID 7272 (D:\004_Code\016_Sts\workspace\tfss-mrliu\target\classes started by poxiao in D:\004_Code\016_Sts\workspace\tfss-mrliu)
2019-01-01 15:08:37.080 INFO  --- [SpringApplication.java:593][restartedMain] - No active profile set, falling back to default profiles: default
2019-01-01 15:08:37.770 WARN  --- [ClassPathMapperScanner.java:146][restartedMain] - No MyBatis mapper was found in '[com.mrliu]' package. Please check your configuration.
2019-01-01 15:08:39.238 WARN  --- [TemplateMode.java:150][restartedMain] - [THYMELEAF][restartedMain] Template Mode 'HTML5' is deprecated. Using Template Mode 'HTML' instead.
2019-01-01 15:08:39.272 INFO  --- [MapperCacheDisabler.java:60][restartedMain] - Clear tk.mybatis.mapper.util.MsUtil CLASS_CACHE cache.
2019-01-01 15:08:39.272 INFO  --- [MapperCacheDisabler.java:60][restartedMain] - Clear tk.mybatis.mapper.genid.GenIdUtil CACHE cache.
2019-01-01 15:08:39.273 INFO  --- [MapperCacheDisabler.java:60][restartedMain] - Clear tk.mybatis.mapper.version.VersionUtil CACHE cache.
2019-01-01 15:08:39.273 INFO  --- [MapperCacheDisabler.java:83][restartedMain] - Clear EntityHelper entityTableMap cache.
2019-01-01 15:08:39.843 INFO  --- [StartupInfoLogger.java:57][restartedMain] - Started TfssMrliuApplication in 2.854 seconds (JVM running for 270.812)
2019-01-01 15:08:47.266 DEBUG --- [BaseJdbcLogger.java:159][http-nio-8001-exec-1] - ==>  Preparing: SELECT count(0) FROM t_ckplayer_video 
2019-01-01 15:08:47.267 DEBUG --- [BaseJdbcLogger.java:159][http-nio-8001-exec-1] - ==> Parameters: 
2019-01-01 15:08:47.269 DEBUG --- [BaseJdbcLogger.java:159][http-nio-8001-exec-1] - <==      Total: 1
2019-01-01 15:08:47.270 DEBUG --- [BaseJdbcLogger.java:159][http-nio-8001-exec-1] - ==>  Preparing: select video_id, video_url, video_pattern, video_clarity, video_weight, video_name, video_label, video_info, video_thumbnail, video_uptime, video_type, playsum, comentsum, collectsum, supportsum from t_ckplayer_video LIMIT ? 
2019-01-01 15:08:47.270 DEBUG --- [BaseJdbcLogger.java:159][http-nio-8001-exec-1] - ==> Parameters: 12(Integer)
2019-01-01 15:08:47.278 DEBUG --- [BaseJdbcLogger.java:159][http-nio-8001-exec-1] - <==      Total: 12
2019-01-01 15:10:39.341 INFO  -- [StartupInfoLogger.java:48][restartedMain] - Starting TfssMrliuApplication on DESKTOP-SLL8SQB with PID 7272 (D:\004_Code\016_Sts\workspace\tfss-mrliu\target\classes started by poxiao in D:\004_Code\016_Sts\workspace\tfss-mrliu)
2019-01-01 15:10:39.341 INFO  -- [SpringApplication.java:593][restartedMain] - No active profile set, falling back to default profiles: default
2019-01-01 15:10:39.948 WARN  -- [ClassPathMapperScanner.java:146][restartedMain] - No MyBatis mapper was found in '[com.mrliu]' package. Please check your configuration.
2019-01-01 15:10:41.490 WARN  -- [TemplateMode.java:150][restartedMain] - [THYMELEAF][restartedMain] Template Mode 'HTML5' is deprecated. Using Template Mode 'HTML' instead.
2019-01-01 15:10:41.514 INFO  -- [MapperCacheDisabler.java:60][restartedMain] - Clear tk.mybatis.mapper.util.MsUtil CLASS_CACHE cache.
2019-01-01 15:10:41.514 INFO  -- [MapperCacheDisabler.java:60][restartedMain] - Clear tk.mybatis.mapper.genid.GenIdUtil CACHE cache.
2019-01-01 15:10:41.514 INFO  -- [MapperCacheDisabler.java:60][restartedMain] - Clear tk.mybatis.mapper.version.VersionUtil CACHE cache.
2019-01-01 15:10:41.515 INFO  -- [MapperCacheDisabler.java:83][restartedMain] - Clear EntityHelper entityTableMap cache.
2019-01-01 15:10:42.119 INFO  -- [StartupInfoLogger.java:57][restartedMain] - Started TfssMrliuApplication in 2.854 seconds (JVM running for 393.088)
2019-01-01 15:10:46.081 DEBUG -- [BaseJdbcLogger.java:159][http-nio-8001-exec-1] - ==>  Preparing: SELECT count(0) FROM t_ckplayer_video 
2019-01-01 15:10:46.082 DEBUG -- [BaseJdbcLogger.java:159][http-nio-8001-exec-1] - ==> Parameters: 
2019-01-01 15:10:46.084 DEBUG -- [BaseJdbcLogger.java:159][http-nio-8001-exec-1] - <==      Total: 1
2019-01-01 15:10:46.085 DEBUG -- [BaseJdbcLogger.java:159][http-nio-8001-exec-1] - ==>  Preparing: select video_id, video_url, video_pattern, video_clarity, video_weight, video_name, video_label, video_info, video_thumbnail, video_uptime, video_type, playsum, comentsum, collectsum, supportsum from t_ckplayer_video LIMIT ? 
2019-01-01 15:10:46.086 DEBUG -- [BaseJdbcLogger.java:159][http-nio-8001-exec-1] - ==> Parameters: 12(Integer)
2019-01-01 15:10:46.098 DEBUG -- [BaseJdbcLogger.java:159][http-nio-8001-exec-1] - <==      Total: 12
2019-01-01 15:11:51.909 INFO  -- [StartupInfoLogger.java:48][restartedMain] - Starting TfssMrliuApplication on DESKTOP-SLL8SQB with PID 10932 (D:\004_Code\016_Sts\workspace\tfss-mrliu\target\classes started by poxiao in D:\004_Code\016_Sts\workspace\tfss-mrliu)
2019-01-01 15:11:51.914 INFO  -- [SpringApplication.java:593][restartedMain] - No active profile set, falling back to default profiles: default
2019-01-01 15:11:52.709 INFO  -- [Version.java:30][background-preinit] - HV000001: Hibernate Validator 5.3.6.Final
2019-01-01 15:11:54.991 WARN  -- [ClassPathMapperScanner.java:146][restartedMain] - No MyBatis mapper was found in '[com.mrliu]' package. Please check your configuration.
2019-01-01 15:12:03.407 WARN  -- [TemplateMode.java:150][restartedMain] - [THYMELEAF][restartedMain] Template Mode 'HTML5' is deprecated. Using Template Mode 'HTML' instead.
2019-01-01 15:12:04.184 INFO  -- [MapperCacheDisabler.java:60][restartedMain] - Clear tk.mybatis.mapper.util.MsUtil CLASS_CACHE cache.
2019-01-01 15:12:04.185 INFO  -- [MapperCacheDisabler.java:60][restartedMain] - Clear tk.mybatis.mapper.genid.GenIdUtil CACHE cache.
2019-01-01 15:12:04.187 INFO  -- [MapperCacheDisabler.java:60][restartedMain] - Clear tk.mybatis.mapper.version.VersionUtil CACHE cache.
2019-01-01 15:12:04.189 INFO  -- [MapperCacheDisabler.java:83][restartedMain] - Clear EntityHelper entityTableMap cache.
2019-01-01 15:12:06.973 INFO  -- [StartupInfoLogger.java:57][restartedMain] - Started TfssMrliuApplication in 15.838 seconds (JVM running for 18.343)
2019-01-01 15:12:16.301 DEBUG -- [BaseJdbcLogger.java:159][http-nio-8001-exec-1] - ==>  Preparing: SELECT count(0) FROM t_ckplayer_video 
2019-01-01 15:12:16.376 DEBUG -- [BaseJdbcLogger.java:159][http-nio-8001-exec-1] - ==> Parameters: 
2019-01-01 15:12:16.399 DEBUG -- [BaseJdbcLogger.java:159][http-nio-8001-exec-1] - <==      Total: 1
2019-01-01 15:12:16.407 DEBUG -- [BaseJdbcLogger.java:159][http-nio-8001-exec-1] - ==>  Preparing: select video_id, video_url, video_pattern, video_clarity, video_weight, video_name, video_label, video_info, video_thumbnail, video_uptime, video_type, playsum, comentsum, collectsum, supportsum from t_ckplayer_video LIMIT ? 
2019-01-01 15:12:16.409 DEBUG -- [BaseJdbcLogger.java:159][http-nio-8001-exec-1] - ==> Parameters: 12(Integer)
2019-01-01 15:12:16.419 DEBUG -- [BaseJdbcLogger.java:159][http-nio-8001-exec-1] - <==      Total: 12
